#
# A fatal error has been detected by the Java Runtime Environment:
#
#  SIGSEGV (0xb) at pc=0x00007fff8c068d6d, pid=5710, tid=2571
#
# JRE version: Java(TM) SE Runtime Environment (8.0_05-b13) (build 1.8.0_05-b13)
# Java VM: Java HotSpot(TM) 64-Bit Server VM (25.5-b02 mixed mode bsd-amd64 compressed oops)
# Problematic frame:
# C  [libobjc.A.dylib+0x7d6d]  objc_retain+0x1d
#
# Failed to write core dump. Core dumps have been disabled. To enable core dumping, try "ulimit -c unlimited" before starting Java again
#
# If you would like to submit a bug report, please visit:
#   http://bugreport.sun.com/bugreport/crash.jsp
# The crash happened outside the Java Virtual Machine in native code.
# See problematic frame for where to report the bug.
#

---------------  T H R E A D  ---------------

Current thread (0x00007fd0c10d0800):  JavaThread "JavaFX Application Thread" [_thread_in_native, id=2571, stack(0x00007fff55afe000,0x00007fff562fe000)]

siginfo:si_signo=SIGSEGV: si_errno=0, si_code=1 (SEGV_MAPERR), si_addr=0x0000000000000020

Registers:
RAX=0xf000000000000000, RBX=0x00007fd0c3758b90, RCX=0x0000000000000000, RDX=0x0000000000000050
RSP=0x00007fff562f9fb8, RBP=0x00007fff562f9fd0, RSI=0x00007fff8b7503e8, RDI=0x00007fd0c683bb00
R8 =0x0000000000000002, R9 =0x00007fd0c0dc1158, R10=0x00007fd0c0fd8490, R11=0x00007fff779f67b8
R12=0x0000000000000001, R13=0x00007fff8c068e40, R14=0x00007fff77c84c80, R15=0x0000000000000000
RIP=0x00007fff8c068d6d, EFLAGS=0x0000000000010246, ERR=0x0000000000000004
  TRAPNO=0x000000000000000e

Top of Stack: (sp=0x00007fff562f9fb8)
0x00007fff562f9fb8:   00007fff8c06f29a 0000000000000000
0x00007fff562f9fc8:   00007fd0c3758b40 00007fff562fa010
0x00007fff562f9fd8:   00007fff8ae01ac2 00007fff8ae01950
0x00007fff562f9fe8:   00007fd0c6b10360 0000000000000001
0x00007fff562f9ff8:   00007fd0c0d00188 00007fd0c0dc1140
0x00007fff562fa008:   00007fff562fa050 00007fff562fa030
0x00007fff562fa018:   00007fff8ae0196d 00007fff8ae01950
0x00007fff562fa028:   00007fd0c0dc1130 00007fff562fa040
0x00007fff562fa038:   00007fff919e4e07 00007fff562fa0c0
0x00007fff562fa048:   00007fff919e4d77 00007fd0c0dc1130
0x00007fff562fa058:   00007fff919e4c46 00007fff562fa050
0x00007fff562fa068:   00007fff562fa060 00007fd0c0d00150
0x00007fff562fa078:   00007fd0c0c487d0 00007fff562fa050
0x00007fff562fa088:   0000000000000002 040081248842b2b6
0x00007fff562fa098:   0000000000001303 00007fff562fa170
0x00007fff562fa0a8:   0000000000007303 00007fd0c0c487c0
0x00007fff562fa0b8:   00007fd0c0d00140 00007fff562fada0
0x00007fff562fa0c8:   00007fff919c4308 00007fd0c10d0800
0x00007fff562fa0d8:   00007fff78a7e890 00007fd0c0fdc560
0x00007fff562fa0e8:   00007fd0c0f940d0 00007fd0c0d00140
0x00007fff562fa0f8:   00007fd0c0fdc570 00000001c0012308
0x00007fff562fa108:   00001303562fa270 00007fd0c0d00150
0x00007fff562fa118:   00007fd0c0c487d0 0000000078a7e801
0x00007fff562fa128:   00007fff562fa1e8 00001fba00000001
0x00007fff562fa138:   3fb801a400000000 00007403c0147fc8
0x00007fff562fa148:   000000011f9ff888 00000000c10d0800
0x00007fff562fa158:   0000000000000000 0000000000000000
0x00007fff562fa168:   ffffffffffffffff 000000012015d0b1
0x00007fff562fa178:   000000011f9ff888 00007fff562fa1d0
0x00007fff562fa188:   000000011f9ff888 000000011f9ff888
0x00007fff562fa198:   000000011f9ff888 00000007c0012308
0x00007fff562fa1a8:   00007fff562fa488 00007fd0c10d0800 

Instructions: (pc=0x00007fff8c068d6d)
0x00007fff8c068d4d:   90 90 90 31 c0 48 85 ff 74 57 40 f6 c7 01 75 4e
0x00007fff8c068d5d:   48 8b 07 48 b9 f8 ff ff ff ff 7f 00 00 48 21 c1
0x00007fff8c068d6d:   f6 41 20 02 75 0f 48 8d 05 96 01 c2 eb 48 8b 30
0x00007fff8c068d7d:   e9 be 00 00 00 a8 01 74 20 48 b9 00 00 00 00 00 

Register to memory mapping:

RAX=0xf000000000000000 is an unknown value
RBX=0x00007fd0c3758b90 is an unknown value
RCX=0x0000000000000000 is an unknown value
RDX=0x0000000000000050 is an unknown value
RSP=0x00007fff562f9fb8 is pointing into the stack for thread: 0x00007fd0c10d0800
RBP=0x00007fff562f9fd0 is pointing into the stack for thread: 0x00007fd0c10d0800
RSI=0x00007fff8b7503e8: -[NSTitlebarContainerView transparent]+0xc1a5e in /System/Library/Frameworks/AppKit.framework/Versions/C/AppKit at 0x00007fff8ac6a000
RDI=0x00007fd0c683bb00 is an unknown value
R8 =0x0000000000000002 is an unknown value
R9 =0x00007fd0c0dc1158 is an unknown value
R10=0x00007fd0c0fd8490 is an unknown value
R11=0x00007fff779f67b8: OBJC_CLASS_$__NSAutomaticFocusRingState+0 in /System/Library/Frameworks/AppKit.framework/Versions/C/AppKit at 0x00007fff8ac6a000
R12=0x0000000000000001 is an unknown value
R13=0x00007fff8c068e40: objc_msgSend+0 in /usr/lib/libobjc.A.dylib at 0x00007fff8c061000
R14=0x00007fff77c84c80: _ZL13PropertyLocks+0xf00 in /usr/lib/libobjc.A.dylib at 0x00007fff8c061000
R15=0x0000000000000000 is an unknown value


Stack: [0x00007fff55afe000,0x00007fff562fe000],  sp=0x00007fff562f9fb8,  free space=8175k
Native frames: (J=compiled Java code, j=interpreted, Vv=VM code, C=native code)
C  [libobjc.A.dylib+0x7d6d]  objc_retain+0x1d
C  [AppKit+0x197ac2]  +[_NSAutomaticFocusRing setActiveFirstResponderChanged]+0xe1
C  [AppKit+0x19796d]  ___NSPostActiveFirstResponderChanged_block_invoke+0x1d
C  [CoreFoundation+0xa9e07]  __CFRUNLOOP_IS_CALLING_OUT_TO_AN_OBSERVER_CALLBACK_FUNCTION__+0x17
C  [CoreFoundation+0xa9d77]  __CFRunLoopDoObservers+0x187
C  [CoreFoundation+0x89308]  __CFRunLoopRun+0x368
C  [CoreFoundation+0x88d38]  CFRunLoopRunSpecific+0x128
C  [AppKit+0x2b34b9]  -[NSCarbonMenuImpl performActionWithHighlightingForItemAtIndex:]+0x7c
C  [libsystem_trace.dylib+0x2082]  _os_activity_initiate+0x4b
C  [AppKit+0x2b239d]  -[NSMenu performKeyEquivalent:]+0x165
C  [AppKit+0x2b1544]  -[NSApplication _handleKeyEquivalent:]+0x398
C  [AppKit+0x1d7391]  -[NSApplication sendEvent:]+0x10b2
C  [AppKit+0x3df3e]  -[NSApplication run]+0x31c
C  [libglass.dylib+0xbfb5]  -[GlassApplication runLoop:]+0x6a5
C  [Foundation+0x7754e]  __NSThreadPerformPerform+0x117
C  [CoreFoundation+0xaa621]  __CFRUNLOOP_IS_CALLING_OUT_TO_A_SOURCE0_PERFORM_FUNCTION__+0x11
C  [CoreFoundation+0x89e1c]  __CFRunLoopDoSources0+0x22c
C  [CoreFoundation+0x8933f]  __CFRunLoopRun+0x39f
C  [CoreFoundation+0x88d38]  CFRunLoopRunSpecific+0x128
C  [java+0x56cb]  CreateExecutionEnvironment+0x367
C  [java+0x166c]  JLI_Launch+0x7a0
C  [java+0x7689]  main+0x65
C  [java+0xec4]  start+0x34


---------------  P R O C E S S  ---------------

Java Threads: ( => current thread )
  0x00007fd0c2a9c000 JavaThread "Thread-33" [_thread_blocked, id=57075, stack(0x000070000281e000,0x000070000291e000)]
  0x00007fd0c199f000 JavaThread "Thread-31" [_thread_blocked, id=66519, stack(0x0000700002a2a000,0x0000700002b2a000)]
  0x00007fd0c2291000 JavaThread "Thread-29" [_thread_blocked, id=16647, stack(0x000070000271b000,0x000070000281b000)]
  0x00007fd0c20eb000 JavaThread "Thread-27" [_thread_blocked, id=62827, stack(0x0000700002618000,0x0000700002718000)]
  0x00007fd0c194d000 JavaThread "Thread-25" [_thread_blocked, id=35831, stack(0x0000700002515000,0x0000700002615000)]
  0x00007fd0c18dd000 JavaThread "Thread-23" [_thread_blocked, id=5203, stack(0x0000700002412000,0x0000700002512000)]
  0x00007fd0c2057000 JavaThread "Thread-21" [_thread_blocked, id=15451, stack(0x000070000230f000,0x000070000240f000)]
  0x00007fd0c1145800 JavaThread "Thread-19" [_thread_blocked, id=56683, stack(0x0000700001aee000,0x0000700001bee000)]
  0x00007fd0c297a000 JavaThread "Thread-17" [_thread_blocked, id=43439, stack(0x000070000220c000,0x000070000230c000)]
  0x00007fd0c2978800 JavaThread "Thread-15" [_thread_blocked, id=42263, stack(0x0000700002109000,0x0000700002209000)]
  0x00007fd0c292f800 JavaThread "Thread-13" [_thread_blocked, id=61323, stack(0x0000700002006000,0x0000700002106000)]
  0x00007fd0c2052000 JavaThread "Thread-11" [_thread_blocked, id=56403, stack(0x0000700001cfa000,0x0000700001dfa000)]
  0x00007fd0c180e000 JavaThread "Thread-9" [_thread_blocked, id=62167, stack(0x0000700000d3e000,0x0000700000e3e000)]
  0x00007fd0c2192800 JavaThread "Thread-7" [_thread_blocked, id=54259, stack(0x0000700001f03000,0x0000700002003000)]
  0x00007fd0c18fe000 JavaThread "Prism Font Disposer" daemon [_thread_blocked, id=53771, stack(0x00007000019eb000,0x0000700001aeb000)]
  0x00007fd0c20c8000 JavaThread "JavaFX-Launcher" [_thread_blocked, id=52995, stack(0x00007000018e8000,0x00007000019e8000)]
  0x00007fd0c20e0800 JavaThread "Thread-3" daemon [_thread_in_native, id=40963, stack(0x00007000017e2000,0x0000700001862000)]
=>0x00007fd0c10d0800 JavaThread "JavaFX Application Thread" [_thread_in_native, id=2571, stack(0x00007fff55afe000,0x00007fff562fe000)]
  0x00007fd0c10d3800 JavaThread "Thread-1" daemon [_thread_blocked, id=28171, stack(0x00007000016df000,0x00007000017df000)]
  0x00007fd0c1092800 JavaThread "QuantumRenderer-0" daemon [_thread_blocked, id=22531, stack(0x00007000015dc000,0x00007000016dc000)]
  0x00007fd0c2814800 JavaThread "Service Thread" daemon [_thread_blocked, id=21507, stack(0x00007000013d6000,0x00007000014d6000)]
  0x00007fd0c2814000 JavaThread "C1 CompilerThread3" daemon [_thread_blocked, id=20995, stack(0x00007000012d3000,0x00007000013d3000)]
  0x00007fd0c1004000 JavaThread "C2 CompilerThread2" daemon [_thread_blocked, id=20483, stack(0x00007000011d0000,0x00007000012d0000)]
  0x00007fd0c2803000 JavaThread "C2 CompilerThread1" daemon [_thread_blocked, id=19971, stack(0x00007000010cd000,0x00007000011cd000)]
  0x00007fd0c2034000 JavaThread "C2 CompilerThread0" daemon [_thread_blocked, id=19459, stack(0x0000700000fca000,0x00007000010ca000)]
  0x00007fd0c2021000 JavaThread "Signal Dispatcher" daemon [_thread_blocked, id=18707, stack(0x0000700000ec7000,0x0000700000fc7000)]
  0x00007fd0c2014800 JavaThread "Finalizer" daemon [_thread_blocked, id=14339, stack(0x0000700000c3b000,0x0000700000d3b000)]
  0x00007fd0c2013800 JavaThread "Reference Handler" daemon [_thread_blocked, id=13827, stack(0x0000700000b38000,0x0000700000c38000)]
  0x00007fd0c2000000 JavaThread "main" [_thread_blocked, id=5891, stack(0x000070000011a000,0x000070000021a000)]

Other Threads:
  0x00007fd0c1808000 VMThread [stack: 0x0000700000a35000,0x0000700000b35000] [id=13315]
  0x00007fd0c2815800 WatcherThread [stack: 0x00007000014d9000,0x00007000015d9000] [id=22019]

VM state:not at safepoint (normal execution)

VM Mutex/Monitor currently owned by a thread: None

Heap:
 PSYoungGen      total 14336K, used 12835K [0x0000000795580000, 0x0000000796800000, 0x00000007c0000000)
  eden space 11264K, 87% used [0x0000000795580000,0x0000000795f1abd0,0x0000000796080000)
  from space 3072K, 97% used [0x0000000796400000,0x00000007966ee300,0x0000000796700000)
  to   space 3584K, 0% used [0x0000000796080000,0x0000000796080000,0x0000000796400000)
 ParOldGen       total 129536K, used 9389K [0x0000000740000000, 0x0000000747e80000, 0x0000000795580000)
  object space 129536K, 7% used [0x0000000740000000,0x000000074092b480,0x0000000747e80000)
 Metaspace       used 12252K, capacity 12356K, committed 12544K, reserved 1060864K
  class space    used 1675K, capacity 1723K, committed 1792K, reserved 1048576K

Card table byte_map: [0x000000011ae89000,0x000000011b28a000] byte_map_base: 0x0000000117489000

Marking Bits: (ParMarkBitMap*) 0x000000010b4660a0
 Begin Bits: [0x000000011b535000, 0x000000011d535000)
 End Bits:   [0x000000011d535000, 0x000000011f535000)

Polling page: 0x0000000109bf5000

CodeCache: size=245760Kb used=5352Kb max_used=5352Kb free=240407Kb
 bounds [0x000000010bac9000, 0x000000010c009000, 0x000000011aac9000]
 total_blobs=2404 nmethods=1805 adapters=513
 compilation: enabled

Compilation events (10 events):
Event: 55.480 Thread 0x00007fd0c2814000 1802       3       sun.nio.cs.UTF_8$Encoder::encodeArrayLoop (489 bytes)
Event: 55.482 Thread 0x00007fd0c2814000 nmethod 1802 0x000000010bfff050 code [0x000000010bfff5c0, 0x000000010c0025c8]
Event: 55.482 Thread 0x00007fd0c2814000 1804       3       java.nio.charset.CoderResult::isUnderflow (13 bytes)
Event: 55.482 Thread 0x00007fd0c2814000 nmethod 1804 0x000000010c004950 code [0x000000010c004aa0, 0x000000010c004c50]
Event: 55.482 Thread 0x00007fd0c2814000 1803       3       java.lang.String::toString (2 bytes)
Event: 55.482 Thread 0x00007fd0c2814000 nmethod 1803 0x000000010c004cd0 code [0x000000010c004e20, 0x000000010c004f70]
Event: 55.482 Thread 0x00007fd0c2814000 1805       1       sun.nio.cs.StreamEncoder::isOpen (5 bytes)
Event: 55.483 Thread 0x00007fd0c2814000 nmethod 1805 0x000000010c004fd0 code [0x000000010c005120, 0x000000010c005230]
Event: 56.357 Thread 0x00007fd0c2814000 1806       1       com.sun.glass.ui.Application::GetApplication (4 bytes)
Event: 56.358 Thread 0x00007fd0c2814000 nmethod 1806 0x000000010c005290 code [0x000000010c0053e0, 0x000000010c0054d0]

GC Heap History (10 events):
Event: 0.370 GC heap before
{Heap before GC invocations=6 (full 0):
 PSYoungGen      total 2560K, used 2528K [0x0000000795580000, 0x0000000795b80000, 0x00000007c0000000)
  eden space 2048K, 100% used [0x0000000795580000,0x0000000795780000,0x0000000795780000)
  from space 512K, 93% used [0x0000000795780000,0x00000007957f8030,0x0000000795800000)
  to   space 1024K, 0% used [0x0000000795a80000,0x0000000795a80000,0x0000000795b80000)
 ParOldGen       total 129536K, used 916K [0x0000000740000000, 0x0000000747e80000, 0x0000000795580000)
  object space 129536K, 0% used [0x0000000740000000,0x00000007400e5340,0x0000000747e80000)
 Metaspace       used 5817K, capacity 7032K, committed 7168K, reserved 1056768K
  class space    used 721K, capacity 748K, committed 768K, reserved 1048576K
Event: 0.371 GC heap after
Heap after GC invocations=6 (full 0):
 PSYoungGen      total 5120K, used 688K [0x0000000795580000, 0x0000000795b80000, 0x00000007c0000000)
  eden space 4096K, 0% used [0x0000000795580000,0x0000000795580000,0x0000000795980000)
  from space 1024K, 67% used [0x0000000795a80000,0x0000000795b2c020,0x0000000795b80000)
  to   space 1024K, 0% used [0x0000000795980000,0x0000000795980000,0x0000000795a80000)
 ParOldGen       total 129536K, used 924K [0x0000000740000000, 0x0000000747e80000, 0x0000000795580000)
  object space 129536K, 0% used [0x0000000740000000,0x00000007400e7340,0x0000000747e80000)
 Metaspace       used 5817K, capacity 7032K, committed 7168K, reserved 1056768K
  class space    used 721K, capacity 748K, committed 768K, reserved 1048576K
}
Event: 0.608 GC heap before
{Heap before GC invocations=7 (full 0):
 PSYoungGen      total 5120K, used 4784K [0x0000000795580000, 0x0000000795b80000, 0x00000007c0000000)
  eden space 4096K, 100% used [0x0000000795580000,0x0000000795980000,0x0000000795980000)
  from space 1024K, 67% used [0x0000000795a80000,0x0000000795b2c020,0x0000000795b80000)
  to   space 1024K, 0% used [0x0000000795980000,0x0000000795980000,0x0000000795a80000)
 ParOldGen       total 129536K, used 924K [0x0000000740000000, 0x0000000747e80000, 0x0000000795580000)
  object space 129536K, 0% used [0x0000000740000000,0x00000007400e7340,0x0000000747e80000)
 Metaspace       used 7132K, capacity 8280K, committed 8448K, reserved 1056768K
  class space    used 932K, capacity 972K, committed 1024K, reserved 1048576K
Event: 0.610 GC heap after
Heap after GC invocations=7 (full 0):
 PSYoungGen      total 5120K, used 992K [0x0000000795580000, 0x0000000796080000, 0x00000007c0000000)
  eden space 4096K, 0% used [0x0000000795580000,0x0000000795580000,0x0000000795980000)
  from space 1024K, 96% used [0x0000000795980000,0x0000000795a78010,0x0000000795a80000)
  to   space 1536K, 0% used [0x0000000795f00000,0x0000000795f00000,0x0000000796080000)
 ParOldGen       total 129536K, used 1452K [0x0000000740000000, 0x0000000747e80000, 0x0000000795580000)
  object space 129536K, 1% used [0x0000000740000000,0x000000074016b390,0x0000000747e80000)
 Metaspace       used 7132K, capacity 8280K, committed 8448K, reserved 1056768K
  class space    used 932K, capacity 972K, committed 1024K, reserved 1048576K
}
Event: 0.752 GC heap before
{Heap before GC invocations=8 (full 0):
 PSYoungGen      total 5120K, used 4949K [0x0000000795580000, 0x0000000796080000, 0x00000007c0000000)
  eden space 4096K, 96% used [0x0000000795580000,0x000000079595d798,0x0000000795980000)
  from space 1024K, 96% used [0x0000000795980000,0x0000000795a78010,0x0000000795a80000)
  to   space 1536K, 0% used [0x0000000795f00000,0x0000000795f00000,0x0000000796080000)
 ParOldGen       total 129536K, used 1452K [0x0000000740000000, 0x0000000747e80000, 0x0000000795580000)
  object space 129536K, 1% used [0x0000000740000000,0x000000074016b390,0x0000000747e80000)
 Metaspace       used 8566K, capacity 8946K, committed 9216K, reserved 1056768K
  class space    used 1154K, capacity 1209K, committed 1280K, reserved 1048576K
Event: 0.754 GC heap after
Heap after GC invocations=8 (full 0):
 PSYoungGen      total 8704K, used 1514K [0x0000000795580000, 0x0000000796280000, 0x00000007c0000000)
  eden space 7168K, 0% used [0x0000000795580000,0x0000000795580000,0x0000000795c80000)
  from space 1536K, 98% used [0x0000000795f00000,0x000000079607aaf0,0x0000000796080000)
  to   space 2560K, 0% used [0x0000000795c80000,0x0000000795c80000,0x0000000795f00000)
 ParOldGen       total 129536K, used 2769K [0x0000000740000000, 0x0000000747e80000, 0x0000000795580000)
  object space 129536K, 2% used [0x0000000740000000,0x00000007402b4480,0x0000000747e80000)
 Metaspace       used 8566K, capacity 8946K, committed 9216K, reserved 1056768K
  class space    used 1154K, capacity 1209K, committed 1280K, reserved 1048576K
}
Event: 1.137 GC heap before
{Heap before GC invocations=9 (full 0):
 PSYoungGen      total 8704K, used 8682K [0x0000000795580000, 0x0000000796280000, 0x00000007c0000000)
  eden space 7168K, 100% used [0x0000000795580000,0x0000000795c80000,0x0000000795c80000)
  from space 1536K, 98% used [0x0000000795f00000,0x000000079607aaf0,0x0000000796080000)
  to   space 2560K, 0% used [0x0000000795c80000,0x0000000795c80000,0x0000000795f00000)
 ParOldGen       total 129536K, used 6521K [0x0000000740000000, 0x0000000747e80000, 0x0000000795580000)
  object space 129536K, 5% used [0x0000000740000000,0x000000074065e490,0x0000000747e80000)
 Metaspace       used 11284K, capacity 11426K, committed 11648K, reserved 1058816K
  class space    used 1592K, capacity 1625K, committed 1664K, reserved 1048576K
Event: 1.140 GC heap after
Heap after GC invocations=9 (full 0):
 PSYoungGen      total 9728K, used 2535K [0x0000000795580000, 0x0000000796700000, 0x00000007c0000000)
  eden space 7168K, 0% used [0x0000000795580000,0x0000000795580000,0x0000000795c80000)
  from space 2560K, 99% used [0x0000000795c80000,0x0000000795ef9fe0,0x0000000795f00000)
  to   space 3072K, 0% used [0x0000000796400000,0x0000000796400000,0x0000000796700000)
 ParOldGen       total 129536K, used 6806K [0x0000000740000000, 0x0000000747e80000, 0x0000000795580000)
  object space 129536K, 5% used [0x0000000740000000,0x00000007406a5990,0x0000000747e80000)
 Metaspace       used 11284K, capacity 11426K, committed 11648K, reserved 1058816K
  class space    used 1592K, capacity 1625K, committed 1664K, reserved 1048576K
}
Event: 22.511 GC heap before
{Heap before GC invocations=10 (full 0):
 PSYoungGen      total 9728K, used 9671K [0x0000000795580000, 0x0000000796700000, 0x00000007c0000000)
  eden space 7168K, 99% used [0x0000000795580000,0x0000000795c77cd8,0x0000000795c80000)
  from space 2560K, 99% used [0x0000000795c80000,0x0000000795ef9fe0,0x0000000795f00000)
  to   space 3072K, 0% used [0x0000000796400000,0x0000000796400000,0x0000000796700000)
 ParOldGen       total 129536K, used 6806K [0x0000000740000000, 0x0000000747e80000, 0x0000000795580000)
  object space 129536K, 5% used [0x0000000740000000,0x00000007406a5990,0x0000000747e80000)
 Metaspace       used 11996K, capacity 12164K, committed 12288K, reserved 1060864K
  class space    used 1666K, capacity 1723K, committed 1792K, reserved 1048576K
Event: 22.515 GC heap after
Heap after GC invocations=10 (full 0):
 PSYoungGen      total 14336K, used 3000K [0x0000000795580000, 0x0000000796800000, 0x00000007c0000000)
  eden space 11264K, 0% used [0x0000000795580000,0x0000000795580000,0x0000000796080000)
  from space 3072K, 97% used [0x0000000796400000,0x00000007966ee300,0x0000000796700000)
  to   space 3584K, 0% used [0x0000000796080000,0x0000000796080000,0x0000000796400000)
 ParOldGen       total 129536K, used 9389K [0x0000000740000000, 0x0000000747e80000, 0x0000000795580000)
  object space 129536K, 7% used [0x0000000740000000,0x000000074092b480,0x0000000747e80000)
 Metaspace       used 11996K, capacity 12164K, committed 12288K, reserved 1060864K
  class space    used 1666K, capacity 1723K, committed 1792K, reserved 1048576K
}

Deoptimization events (10 events):
Event: 0.632 Thread 0x00007fd0c10d0800 Uncommon trap: reason=unloaded action=reinterpret pc=0x000000010bc98a58 method=java.lang.CharacterData.of(I)Ljava/lang/CharacterData; @ 96
Event: 0.854 Thread 0x00007fd0c10d0800 Uncommon trap: reason=unreached action=reinterpret pc=0x000000010bcb7a50 method=java.util.HashMap.hash(Ljava/lang/Object;)I @ 1
Event: 0.864 Thread 0x00007fd0c10d0800 Uncommon trap: reason=class_check action=maybe_recompile pc=0x000000010bcaa550 method=java.io.DataInputStream.readShort()S @ 4
Event: 0.865 Thread 0x00007fd0c10d0800 Uncommon trap: reason=class_check action=maybe_recompile pc=0x000000010bcaa550 method=java.io.DataInputStream.readShort()S @ 4
Event: 0.865 Thread 0x00007fd0c10d0800 Uncommon trap: reason=class_check action=maybe_recompile pc=0x000000010bcaa550 method=java.io.DataInputStream.readShort()S @ 4
Event: 0.865 Thread 0x00007fd0c10d0800 Uncommon trap: reason=class_check action=maybe_recompile pc=0x000000010bcaa550 method=java.io.DataInputStream.readShort()S @ 4
Event: 0.871 Thread 0x00007fd0c10d0800 Uncommon trap: reason=class_check action=maybe_recompile pc=0x000000010bbeef5c method=java.lang.String.equals(Ljava/lang/Object;)Z @ 8
Event: 0.871 Thread 0x00007fd0c10d0800 Uncommon trap: reason=class_check action=maybe_recompile pc=0x000000010bbeef5c method=java.lang.String.equals(Ljava/lang/Object;)Z @ 8
Event: 0.900 Thread 0x00007fd0c10d0800 Uncommon trap: reason=class_check action=maybe_recompile pc=0x000000010bbeef5c method=java.lang.String.equals(Ljava/lang/Object;)Z @ 8
Event: 0.900 Thread 0x00007fd0c10d0800 Uncommon trap: reason=class_check action=maybe_recompile pc=0x000000010bbeef5c method=java.lang.String.equals(Ljava/lang/Object;)Z @ 8

Internal exceptions (10 events):
Event: 39.290 Thread 0x00007fd0c10d0800 Exception <a 'java/io/FileNotFoundException'> (0x0000000795b96ff8) thrown at [/HUDSON/workspace/8-2-build-macosx-x86_64/jdk8u5/2488/hotspot/src/share/vm/prims/jni.cpp, line 716]
Event: 39.292 Thread 0x00007fd0c10d0800 Exception <a 'java/io/FileNotFoundException'> (0x0000000795c79580) thrown at [/HUDSON/workspace/8-2-build-macosx-x86_64/jdk8u5/2488/hotspot/src/share/vm/prims/jni.cpp, line 716]
Event: 40.790 Thread 0x00007fd0c10d0800 Exception <a 'java/io/FileNotFoundException'> (0x0000000795d01fd8) thrown at [/HUDSON/workspace/8-2-build-macosx-x86_64/jdk8u5/2488/hotspot/src/share/vm/prims/jni.cpp, line 716]
Event: 40.794 Thread 0x00007fd0c10d0800 Exception <a 'java/io/FileNotFoundException'> (0x0000000795d082d0) thrown at [/HUDSON/workspace/8-2-build-macosx-x86_64/jdk8u5/2488/hotspot/src/share/vm/prims/jni.cpp, line 716]
Event: 40.797 Thread 0x00007fd0c10d0800 Exception <a 'java/io/FileNotFoundException'> (0x0000000795d0e5b8) thrown at [/HUDSON/workspace/8-2-build-macosx-x86_64/jdk8u5/2488/hotspot/src/share/vm/prims/jni.cpp, line 716]
Event: 44.162 Thread 0x00007fd0c10d0800 Exception <a 'java/io/FileNotFoundException'> (0x0000000795db2538) thrown at [/HUDSON/workspace/8-2-build-macosx-x86_64/jdk8u5/2488/hotspot/src/share/vm/prims/jni.cpp, line 716]
Event: 44.166 Thread 0x00007fd0c10d0800 Exception <a 'java/io/FileNotFoundException'> (0x0000000795db8820) thrown at [/HUDSON/workspace/8-2-build-macosx-x86_64/jdk8u5/2488/hotspot/src/share/vm/prims/jni.cpp, line 716]
Event: 44.169 Thread 0x00007fd0c10d0800 Exception <a 'java/io/FileNotFoundException'> (0x0000000795dbeb40) thrown at [/HUDSON/workspace/8-2-build-macosx-x86_64/jdk8u5/2488/hotspot/src/share/vm/prims/jni.cpp, line 716]
Event: 44.172 Thread 0x00007fd0c10d0800 Exception <a 'java/io/FileNotFoundException'> (0x0000000795e0f698) thrown at [/HUDSON/workspace/8-2-build-macosx-x86_64/jdk8u5/2488/hotspot/src/share/vm/prims/jni.cpp, line 716]
Event: 55.479 Thread 0x00007fd0c10d0800 Exception <a 'java/lang/IllegalArgumentException'> (0x0000000795ef8630) thrown at [/HUDSON/workspace/8-2-build-macosx-x86_64/jdk8u5/2488/hotspot/src/share/vm/prims/jvm.cpp, line 1252]

Events (10 events):
Event: 55.479 loading class java/lang/Throwable$PrintStreamOrWriter done
Event: 55.479 loading class java/lang/Throwable$WrappedPrintStream done
Event: 55.479 loading class java/util/IdentityHashMap
Event: 55.479 loading class java/util/IdentityHashMap done
Event: 55.480 loading class java/util/IdentityHashMap$KeySet
Event: 55.480 loading class java/util/IdentityHashMap$KeySet done
Event: 56.355 loading class com/sun/javafx/tk/quantum/GlassStage$2
Event: 56.355 loading class com/sun/javafx/tk/quantum/GlassStage$2 done
Event: 56.357 loading class com/sun/javafx/application/PlatformImpl$9
Event: 56.357 loading class com/sun/javafx/application/PlatformImpl$9 done


Dynamic libraries:
0x0000000006fcc000 	/System/Library/Frameworks/Cocoa.framework/Versions/A/Cocoa
0x0000000006fcc000 	/System/Library/Frameworks/Security.framework/Versions/A/Security
0x0000000006fcc000 	/System/Library/Frameworks/ApplicationServices.framework/Versions/A/ApplicationServices
0x0000000006fcc000 	/usr/lib/libz.1.dylib
0x0000000006fcc000 	/usr/lib/libSystem.B.dylib
0x0000000006fcc000 	/usr/lib/libobjc.A.dylib
0x0000000006fcc000 	/System/Library/Frameworks/CoreFoundation.framework/Versions/A/CoreFoundation
0x0000000006fcc000 	/System/Library/Frameworks/Foundation.framework/Versions/C/Foundation
0x0000000006fcc000 	/System/Library/Frameworks/AppKit.framework/Versions/C/AppKit
0x0000000006fcc000 	/System/Library/Frameworks/CoreData.framework/Versions/A/CoreData
0x0000000006fcc000 	/System/Library/PrivateFrameworks/RemoteViewServices.framework/Versions/A/RemoteViewServices
0x0000000006fcc000 	/System/Library/PrivateFrameworks/UIFoundation.framework/Versions/A/UIFoundation
0x0000000006fcc000 	/usr/lib/libScreenReader.dylib
0x0000000006fcc000 	/System/Library/Frameworks/Accelerate.framework/Versions/A/Accelerate
0x0000000006fcc000 	/System/Library/Frameworks/IOSurface.framework/Versions/A/IOSurface
0x0000000006fcc000 	/System/Library/Frameworks/AudioToolbox.framework/Versions/A/AudioToolbox
0x0000000006fcc000 	/System/Library/Frameworks/AudioUnit.framework/Versions/A/AudioUnit
0x0000000006fcc000 	/System/Library/PrivateFrameworks/DataDetectorsCore.framework/Versions/A/DataDetectorsCore
0x0000000006fcc000 	/System/Library/PrivateFrameworks/DesktopServicesPriv.framework/Versions/A/DesktopServicesPriv
0x0000000006fcc000 	/System/Library/Frameworks/Carbon.framework/Versions/A/Frameworks/HIToolbox.framework/Versions/A/HIToolbox
0x0000000006fcc000 	/System/Library/Frameworks/QuartzCore.framework/Versions/A/QuartzCore
0x0000000006fcc000 	/System/Library/Frameworks/Carbon.framework/Versions/A/Frameworks/SpeechRecognition.framework/Versions/A/SpeechRecognition
0x0000000006fcc000 	/usr/lib/libauto.dylib
0x0000000006fcc000 	/usr/lib/libicucore.A.dylib
0x0000000006fcc000 	/usr/lib/libxml2.2.dylib
0x0000000006fcc000 	/System/Library/PrivateFrameworks/CoreUI.framework/Versions/A/CoreUI
0x0000000006fcc000 	/System/Library/Frameworks/CoreAudio.framework/Versions/A/CoreAudio
0x0000000006fcc000 	/System/Library/Frameworks/DiskArbitration.framework/Versions/A/DiskArbitration
0x0000000006fcc000 	/usr/lib/liblangid.dylib
0x0000000006fcc000 	/System/Library/PrivateFrameworks/MultitouchSupport.framework/Versions/A/MultitouchSupport
0x0000000006fcc000 	/System/Library/Frameworks/IOKit.framework/Versions/A/IOKit
0x0000000006fcc000 	/usr/lib/libDiagnosticMessagesClient.dylib
0x0000000006fcc000 	/System/Library/Frameworks/CoreServices.framework/Versions/A/CoreServices
0x0000000006fcc000 	/System/Library/PrivateFrameworks/PerformanceAnalysis.framework/Versions/A/PerformanceAnalysis
0x0000000006fcc000 	/System/Library/PrivateFrameworks/GenerationalStorage.framework/Versions/A/GenerationalStorage
0x0000000006fcc000 	/System/Library/Frameworks/OpenGL.framework/Versions/A/OpenGL
0x0000000006fcc000 	/System/Library/PrivateFrameworks/Sharing.framework/Versions/A/Sharing
0x0000000006fcc000 	/System/Library/Frameworks/CoreGraphics.framework/Versions/A/CoreGraphics
0x0000000006fcc000 	/System/Library/Frameworks/CoreImage.framework/Versions/A/CoreImage
0x0000000006fcc000 	/System/Library/Frameworks/CoreText.framework/Versions/A/CoreText
0x0000000006fcc000 	/System/Library/Frameworks/ImageIO.framework/Versions/A/ImageIO
0x0000000006fcc000 	/System/Library/PrivateFrameworks/Backup.framework/Versions/A/Backup
0x0000000006fcc000 	/usr/lib/libextension.dylib
0x0000000006fcc000 	/usr/lib/libarchive.2.dylib
0x0000000006fcc000 	/System/Library/Frameworks/CFNetwork.framework/Versions/A/CFNetwork
0x0000000006fcc000 	/System/Library/Frameworks/SystemConfiguration.framework/Versions/A/SystemConfiguration
0x0000000006fcc000 	/usr/lib/libCRFSuite.dylib
0x0000000006fcc000 	/usr/lib/libc++.1.dylib
0x0000000006fcc000 	/usr/lib/libc++abi.dylib
0x0000000006fcc000 	/usr/lib/system/libcache.dylib
0x0000000006fcc000 	/usr/lib/system/libcommonCrypto.dylib
0x0000000006fcc000 	/usr/lib/system/libcompiler_rt.dylib
0x0000000006fcc000 	/usr/lib/system/libcopyfile.dylib
0x0000000006fcc000 	/usr/lib/system/libcorecrypto.dylib
0x0000000006fcc000 	/usr/lib/system/libdispatch.dylib
0x0000000006fcc000 	/usr/lib/system/libdyld.dylib
0x0000000006fcc000 	/usr/lib/system/libkeymgr.dylib
0x0000000006fcc000 	/usr/lib/system/liblaunch.dylib
0x0000000006fcc000 	/usr/lib/system/libmacho.dylib
0x0000000006fcc000 	/usr/lib/system/libquarantine.dylib
0x0000000006fcc000 	/usr/lib/system/libremovefile.dylib
0x0000000006fcc000 	/usr/lib/system/libsystem_asl.dylib
0x0000000006fcc000 	/usr/lib/system/libsystem_blocks.dylib
0x0000000006fcc000 	/usr/lib/system/libsystem_c.dylib
0x0000000006fcc000 	/usr/lib/system/libsystem_configuration.dylib
0x0000000006fcc000 	/usr/lib/system/libsystem_coreservices.dylib
0x0000000006fcc000 	/usr/lib/system/libsystem_coretls.dylib
0x0000000006fcc000 	/usr/lib/system/libsystem_dnssd.dylib
0x0000000006fcc000 	/usr/lib/system/libsystem_info.dylib
0x0000000006fcc000 	/usr/lib/system/libsystem_kernel.dylib
0x0000000006fcc000 	/usr/lib/system/libsystem_m.dylib
0x0000000006fcc000 	/usr/lib/system/libsystem_malloc.dylib
0x0000000006fcc000 	/usr/lib/system/libsystem_network.dylib
0x0000000006fcc000 	/usr/lib/system/libsystem_networkextension.dylib
0x0000000006fcc000 	/usr/lib/system/libsystem_notify.dylib
0x0000000006fcc000 	/usr/lib/system/libsystem_platform.dylib
0x0000000006fcc000 	/usr/lib/system/libsystem_pthread.dylib
0x0000000006fcc000 	/usr/lib/system/libsystem_sandbox.dylib
0x0000000006fcc000 	/usr/lib/system/libsystem_secinit.dylib
0x0000000006fcc000 	/usr/lib/system/libsystem_trace.dylib
0x0000000006fcc000 	/usr/lib/system/libunc.dylib
0x0000000006fcc000 	/usr/lib/system/libunwind.dylib
0x0000000006fcc000 	/usr/lib/system/libxpc.dylib
0x0000000006fcc000 	/usr/lib/libenergytrace.dylib
0x0000000006fcc000 	/usr/lib/libbsm.0.dylib
0x0000000006fcc000 	/usr/lib/system/libkxld.dylib
0x0000000006fcc000 	/usr/lib/libxar.1.dylib
0x0000000006fcc000 	/usr/lib/libsqlite3.dylib
0x0000000006fcc000 	/usr/lib/libpam.2.dylib
0x0000000006fcc000 	/usr/lib/libOpenScriptingUtil.dylib
0x0000000006fcc000 	/usr/lib/libbz2.1.0.dylib
0x0000000006fcc000 	/usr/lib/liblzma.5.dylib
0x0000000006fcc000 	/System/Library/Frameworks/CoreServices.framework/Versions/A/Frameworks/FSEvents.framework/Versions/A/FSEvents
0x0000000006fcc000 	/System/Library/Frameworks/CoreServices.framework/Versions/A/Frameworks/CarbonCore.framework/Versions/A/CarbonCore
0x0000000006fcc000 	/System/Library/Frameworks/CoreServices.framework/Versions/A/Frameworks/Metadata.framework/Versions/A/Metadata
0x0000000006fcc000 	/System/Library/Frameworks/CoreServices.framework/Versions/A/Frameworks/OSServices.framework/Versions/A/OSServices
0x0000000006fcc000 	/System/Library/Frameworks/CoreServices.framework/Versions/A/Frameworks/SearchKit.framework/Versions/A/SearchKit
0x0000000006fcc000 	/System/Library/Frameworks/CoreServices.framework/Versions/A/Frameworks/AE.framework/Versions/A/AE
0x0000000006fcc000 	/System/Library/Frameworks/CoreServices.framework/Versions/A/Frameworks/LaunchServices.framework/Versions/A/LaunchServices
0x0000000006fcc000 	/System/Library/Frameworks/CoreServices.framework/Versions/A/Frameworks/DictionaryServices.framework/Versions/A/DictionaryServices
0x0000000006fcc000 	/System/Library/Frameworks/CoreServices.framework/Versions/A/Frameworks/SharedFileList.framework/Versions/A/SharedFileList
0x0000000006fcc000 	/System/Library/Frameworks/NetFS.framework/Versions/A/NetFS
0x0000000006fcc000 	/System/Library/PrivateFrameworks/NetAuth.framework/Versions/A/NetAuth
0x0000000006fcc000 	/System/Library/PrivateFrameworks/login.framework/Versions/A/Frameworks/loginsupport.framework/Versions/A/loginsupport
0x0000000006fcc000 	/System/Library/PrivateFrameworks/TCC.framework/Versions/A/TCC
0x0000000006fcc000 	/usr/lib/libmecabra.dylib
0x0000000006fcc000 	/System/Library/Frameworks/ApplicationServices.framework/Versions/A/Frameworks/ATS.framework/Versions/A/ATS
0x0000000006fcc000 	/System/Library/Frameworks/ApplicationServices.framework/Versions/A/Frameworks/ColorSync.framework/Versions/A/ColorSync
0x0000000006fcc000 	/System/Library/Frameworks/ApplicationServices.framework/Versions/A/Frameworks/HIServices.framework/Versions/A/HIServices
0x0000000006fcc000 	/System/Library/Frameworks/ApplicationServices.framework/Versions/A/Frameworks/LangAnalysis.framework/Versions/A/LangAnalysis
0x0000000006fcc000 	/System/Library/Frameworks/ApplicationServices.framework/Versions/A/Frameworks/PrintCore.framework/Versions/A/PrintCore
0x0000000006fcc000 	/System/Library/Frameworks/ApplicationServices.framework/Versions/A/Frameworks/QD.framework/Versions/A/QD
0x0000000006fcc000 	/System/Library/Frameworks/ApplicationServices.framework/Versions/A/Frameworks/SpeechSynthesis.framework/Versions/A/SpeechSynthesis
0x0000000006fcc000 	/System/Library/Frameworks/Metal.framework/Versions/A/Metal
0x0000000006fcc000 	/System/Library/Frameworks/Accelerate.framework/Versions/A/Frameworks/vImage.framework/Versions/A/vImage
0x0000000006fcc000 	/System/Library/Frameworks/Accelerate.framework/Versions/A/Frameworks/vecLib.framework/Versions/A/vecLib
0x0000000006fcc000 	/System/Library/Frameworks/Accelerate.framework/Versions/A/Frameworks/vecLib.framework/Versions/A/libvDSP.dylib
0x0000000006fcc000 	/System/Library/Frameworks/Accelerate.framework/Versions/A/Frameworks/vecLib.framework/Versions/A/libvMisc.dylib
0x0000000006fcc000 	/System/Library/Frameworks/Accelerate.framework/Versions/A/Frameworks/vecLib.framework/Versions/A/libLAPACK.dylib
0x0000000006fcc000 	/System/Library/Frameworks/Accelerate.framework/Versions/A/Frameworks/vecLib.framework/Versions/A/libBLAS.dylib
0x0000000006fcc000 	/System/Library/Frameworks/Accelerate.framework/Versions/A/Frameworks/vecLib.framework/Versions/A/libLinearAlgebra.dylib
0x0000000006fcc000 	/System/Library/Frameworks/Accelerate.framework/Versions/A/Frameworks/vecLib.framework/Versions/A/libSparseBLAS.dylib
0x0000000006fcc000 	/System/Library/PrivateFrameworks/GPUCompiler.framework/libmetal_timestamp.dylib
0x0000000006fcc000 	/System/Library/Frameworks/OpenGL.framework/Versions/A/Libraries/libCoreFSCache.dylib
0x0000000006fcc000 	/System/Library/PrivateFrameworks/IOAccelerator.framework/Versions/A/IOAccelerator
0x0000000006fcc000 	/System/Library/Frameworks/ApplicationServices.framework/Versions/A/Frameworks/ATS.framework/Versions/A/Resources/libFontParser.dylib
0x0000000006fcc000 	/System/Library/Frameworks/ApplicationServices.framework/Versions/A/Frameworks/ATS.framework/Versions/A/Resources/libFontRegistry.dylib
0x0000000006fcc000 	/System/Library/PrivateFrameworks/AppleVPA.framework/Versions/A/AppleVPA
0x0000000006fcc000 	/System/Library/PrivateFrameworks/AppleJPEG.framework/Versions/A/AppleJPEG
0x0000000006fcc000 	/System/Library/Frameworks/ImageIO.framework/Versions/A/Resources/libJPEG.dylib
0x0000000006fcc000 	/System/Library/Frameworks/ImageIO.framework/Versions/A/Resources/libTIFF.dylib
0x0000000006fcc000 	/System/Library/Frameworks/ImageIO.framework/Versions/A/Resources/libPng.dylib
0x0000000006fcc000 	/System/Library/Frameworks/ImageIO.framework/Versions/A/Resources/libGIF.dylib
0x0000000006fcc000 	/System/Library/Frameworks/ImageIO.framework/Versions/A/Resources/libJP2.dylib
0x0000000006fcc000 	/System/Library/Frameworks/ImageIO.framework/Versions/A/Resources/libRadiance.dylib
0x0000000006fcc000 	/System/Library/Frameworks/CoreVideo.framework/Versions/A/CoreVideo
0x0000000006fcc000 	/System/Library/Frameworks/OpenGL.framework/Versions/A/Libraries/libGLU.dylib
0x0000000006fcc000 	/System/Library/Frameworks/OpenGL.framework/Versions/A/Libraries/libGFXShared.dylib
0x0000000006fcc000 	/System/Library/Frameworks/OpenGL.framework/Versions/A/Libraries/libGL.dylib
0x0000000006fcc000 	/System/Library/Frameworks/OpenGL.framework/Versions/A/Libraries/libGLImage.dylib
0x0000000006fcc000 	/System/Library/Frameworks/OpenGL.framework/Versions/A/Libraries/libCVMSPluginSupport.dylib
0x0000000006fcc000 	/System/Library/Frameworks/OpenGL.framework/Versions/A/Libraries/libCoreVMClient.dylib
0x0000000006fcc000 	/usr/lib/libcups.2.dylib
0x0000000006fcc000 	/System/Library/Frameworks/Kerberos.framework/Versions/A/Kerberos
0x0000000006fcc000 	/System/Library/Frameworks/GSS.framework/Versions/A/GSS
0x0000000006fcc000 	/usr/lib/libresolv.9.dylib
0x0000000006fcc000 	/usr/lib/libiconv.2.dylib
0x0000000006fcc000 	/System/Library/PrivateFrameworks/Heimdal.framework/Versions/A/Heimdal
0x0000000006fcc000 	/usr/lib/libheimdal-asn1.dylib
0x0000000006fcc000 	/System/Library/Frameworks/OpenDirectory.framework/Versions/A/OpenDirectory
0x0000000006fcc000 	/System/Library/PrivateFrameworks/CommonAuth.framework/Versions/A/CommonAuth
0x0000000006fcc000 	/System/Library/Frameworks/OpenDirectory.framework/Versions/A/Frameworks/CFOpenDirectory.framework/Versions/A/CFOpenDirectory
0x0000000006fcc000 	/System/Library/Frameworks/SecurityFoundation.framework/Versions/A/SecurityFoundation
0x0000000006fcc000 	/System/Library/PrivateFrameworks/LanguageModeling.framework/Versions/A/LanguageModeling
0x0000000006fcc000 	/usr/lib/libmarisa.dylib
0x0000000006fcc000 	/usr/lib/libChineseTokenizer.dylib
0x0000000006fcc000 	/usr/lib/libcmph.dylib
0x0000000006fcc000 	/usr/lib/libcompression.dylib
0x0000000006fcc000 	/System/Library/Frameworks/ServiceManagement.framework/Versions/A/ServiceManagement
0x0000000006fcc000 	/usr/lib/libxslt.1.dylib
0x0000000006fcc000 	/System/Library/Frameworks/Carbon.framework/Versions/A/Frameworks/Ink.framework/Versions/A/Ink
0x0000000006fcc000 	/usr/lib/libFosl_dynamic.dylib
0x0000000006fcc000 	/System/Library/PrivateFrameworks/FaceCore.framework/Versions/A/FaceCore
0x0000000006fcc000 	/System/Library/Frameworks/OpenCL.framework/Versions/A/OpenCL
0x0000000006fcc000 	/System/Library/PrivateFrameworks/CrashReporterSupport.framework/Versions/A/CrashReporterSupport
0x0000000006fcc000 	/System/Library/PrivateFrameworks/IconServices.framework/Versions/A/IconServices
0x0000000006fcc000 	/System/Library/PrivateFrameworks/Apple80211.framework/Versions/A/Apple80211
0x0000000006fcc000 	/System/Library/Frameworks/CoreWLAN.framework/Versions/A/CoreWLAN
0x0000000006fcc000 	/System/Library/Frameworks/IOBluetooth.framework/Versions/A/IOBluetooth
0x0000000006fcc000 	/System/Library/PrivateFrameworks/CoreWiFi.framework/Versions/A/CoreWiFi
0x0000000006fcc000 	/System/Library/Frameworks/CoreBluetooth.framework/Versions/A/CoreBluetooth
0x0000000006fcc000 	/System/Library/PrivateFrameworks/ChunkingLibrary.framework/Versions/A/ChunkingLibrary
0x0000000006fcc000 	/System/Library/PrivateFrameworks/DebugSymbols.framework/Versions/A/DebugSymbols
0x0000000006fcc000 	/System/Library/PrivateFrameworks/CoreSymbolication.framework/Versions/A/CoreSymbolication
0x0000000006fcc000 	/System/Library/PrivateFrameworks/Symbolication.framework/Versions/A/Symbolication
0x0000000006fcc000 	/System/Library/PrivateFrameworks/SpeechRecognitionCore.framework/Versions/A/SpeechRecognitionCore
0x000000010ac00000 	/Library/Java/JavaVirtualMachines/jdk1.8.0_05.jdk/Contents/Home/jre/lib/server/libjvm.dylib
0x0000000006fcc000 	/usr/lib/libstdc++.6.dylib
0x0000000109bb3000 	/Library/Java/JavaVirtualMachines/jdk1.8.0_05.jdk/Contents/Home/jre/lib/libverify.dylib
0x0000000109bc1000 	/Library/Java/JavaVirtualMachines/jdk1.8.0_05.jdk/Contents/Home/jre/lib/libjava.dylib
0x000000010bac0000 	/Library/Java/JavaVirtualMachines/jdk1.8.0_05.jdk/Contents/Home/jre/lib/libzip.dylib
0x0000000122080000 	/System/Library/Frameworks/JavaVM.framework/Frameworks/JavaRuntimeSupport.framework/JavaRuntimeSupport
0x000000012209b000 	/System/Library/Frameworks/JavaVM.framework/Versions/A/Frameworks/JavaNativeFoundation.framework/Versions/A/JavaNativeFoundation
0x00000001220b0000 	/System/Library/Frameworks/JavaVM.framework/Versions/A/JavaVM
0x0000000006fcc000 	/System/Library/Frameworks/Carbon.framework/Versions/A/Carbon
0x00000001220bd000 	/System/Library/PrivateFrameworks/JavaLaunching.framework/Versions/A/JavaLaunching
0x0000000006fcc000 	/System/Library/Frameworks/Carbon.framework/Versions/A/Frameworks/CommonPanels.framework/Versions/A/CommonPanels
0x0000000006fcc000 	/System/Library/Frameworks/Carbon.framework/Versions/A/Frameworks/Help.framework/Versions/A/Help
0x0000000006fcc000 	/System/Library/Frameworks/Carbon.framework/Versions/A/Frameworks/ImageCapture.framework/Versions/A/ImageCapture
0x0000000006fcc000 	/System/Library/Frameworks/Carbon.framework/Versions/A/Frameworks/OpenScripting.framework/Versions/A/OpenScripting
0x0000000006fcc000 	/System/Library/Frameworks/Carbon.framework/Versions/A/Frameworks/Print.framework/Versions/A/Print
0x0000000006fcc000 	/System/Library/Frameworks/Carbon.framework/Versions/A/Frameworks/SecurityHI.framework/Versions/A/SecurityHI
0x0000000123a84000 	/Library/Java/JavaVirtualMachines/jdk1.8.0_05.jdk/Contents/Home/jre/lib/libprism_es2.dylib
0x0000000006fcc000 	/System/Library/Frameworks/OpenGL.framework/Versions/A/Resources/GLEngine.bundle/GLEngine
0x0000000006fcc000 	/System/Library/Frameworks/OpenGL.framework/Versions/A/Libraries/libGLProgrammability.dylib
0x0000000123b05000 	/System/Library/Extensions/AppleIntelHD4000GraphicsGLDriver.bundle/Contents/MacOS/AppleIntelHD4000GraphicsGLDriver
0x0000000006fcc000 	/System/Library/PrivateFrameworks/GPUSupport.framework/Versions/A/Libraries/libGPUSupportMercury.dylib
0x0000000000000000 	/System/Library/Extensions/GeForceGLDriver.bundle/Contents/MacOS/GeForceGLDriver
0x0000000006fcc000 	/System/Library/Extensions/GeForceGLDriver.bundle/Contents/MacOS/libclh.dylib
0x0000000006fcc000 	/System/Library/Frameworks/OpenGL.framework/Versions/A/Resources/GLRendererFloat.bundle/GLRendererFloat
0x0000000006fcc000 	/System/Library/Frameworks/OpenCL.framework/Versions/A/Libraries/libcldcpuengine.dylib
0x0000000006fcc000 	/System/Library/PrivateFrameworks/DiskImages.framework/Versions/A/DiskImages
0x0000000006fcc000 	/System/Library/Frameworks/DiscRecording.framework/Versions/A/DiscRecording
0x0000000006fcc000 	/usr/lib/libcsfde.dylib
0x0000000006fcc000 	/usr/lib/libcurl.4.dylib
0x0000000006fcc000 	/System/Library/PrivateFrameworks/MediaKit.framework/Versions/A/MediaKit
0x0000000006fcc000 	/System/Library/PrivateFrameworks/ProtectedCloudStorage.framework/Versions/A/ProtectedCloudStorage
0x0000000006fcc000 	/usr/lib/libCoreStorage.dylib
0x0000000006fcc000 	/System/Library/PrivateFrameworks/EFILogin.framework/Versions/A/EFILogin
0x0000000006fcc000 	/usr/lib/libutil.dylib
0x0000000006fcc000 	/System/Library/PrivateFrameworks/FindMyDevice.framework/Versions/A/FindMyDevice
0x0000000006fcc000 	/System/Library/Frameworks/LDAP.framework/Versions/A/LDAP
0x0000000006fcc000 	/usr/lib/libsasl2.2.dylib
0x0000000006fcc000 	/System/Library/PrivateFrameworks/CoreDaemon.framework/Versions/B/CoreDaemon
0x0000000006fcc000 	/usr/lib/libcrypto.0.9.8.dylib
0x0000000006fcc000 	/System/Library/PrivateFrameworks/AppleSRP.framework/Versions/A/AppleSRP
0x0000000006fcc000 	/System/Library/PrivateFrameworks/TrustEvaluationAgent.framework/Versions/A/TrustEvaluationAgent
0x000000012443e000 	/Library/Java/JavaVirtualMachines/jdk1.8.0_05.jdk/Contents/Home/jre/lib/libglass.dylib
0x0000000006fcc000 	/System/Library/PrivateFrameworks/CoreServicesInternal.framework/Versions/A/CoreServicesInternal
0x0000000006fcc000 	/System/Library/CoreServices/RawCamera.bundle/Contents/MacOS/RawCamera
0x0000000006fcc000 	/System/Library/Frameworks/CoreGraphics.framework/Versions/A/Resources/libRIP.A.dylib
0x0000000006fcc000 	/System/Library/Frameworks/Accelerate.framework/Versions/A/Frameworks/vImage.framework/Versions/A/Libraries/libCGInterfaces.dylib
0x0000000006fcc000 	/System/Library/PrivateFrameworks/FamilyControls.framework/Versions/A/FamilyControls
0x0000000006fcc000 	/System/Library/PrivateFrameworks/CommerceKit.framework/Versions/A/Frameworks/CommerceCore.framework/Versions/A/CommerceCore
0x0000000006fcc000 	/System/Library/PrivateFrameworks/SystemAdministration.framework/Versions/A/SystemAdministration
0x0000000006fcc000 	/System/Library/PrivateFrameworks/AppContainer.framework/Versions/A/AppContainer
0x0000000006fcc000 	/System/Library/PrivateFrameworks/SecCodeWrapper.framework/Versions/A/SecCodeWrapper
0x0000000006fcc000 	/System/Library/Frameworks/DirectoryService.framework/Versions/A/DirectoryService
0x0000000006fcc000 	/System/Library/PrivateFrameworks/LoginUIKit.framework/Versions/A/Frameworks/LoginUICore.framework/Versions/A/LoginUICore
0x0000000006fcc000 	/usr/lib/libodfde.dylib
0x0000000127906000 	/Library/Java/JavaVirtualMachines/jdk1.8.0_05.jdk/Contents/Home/jre/lib/libjavafx_font.dylib
0x0000000006fcc000 	/System/Library/Frameworks/CoreGraphics.framework/Versions/A/Resources/libCGXType.A.dylib
0x0000000127c69000 	/Library/Java/JavaVirtualMachines/jdk1.8.0_05.jdk/Contents/Home/jre/lib/libjavafx_iio.dylib
0x000000012b5a1000 	cl_kernels
0x0000000006fcc000 	/System/Library/Frameworks/OpenCL.framework/Versions/A/Libraries/ImageFormats/unorm8_bgra.dylib
0x0000000006fcc000 	/System/Library/Frameworks/OpenCL.framework/Versions/A/Libraries/ImageFormats/unorm8_rgba.dylib
0x000000012d786000 	/Library/Java/JavaVirtualMachines/jdk1.8.0_05.jdk/Contents/Home/jre/lib/libprism_common.dylib
0x0000000000000000 	/System/Library/Extensions/GeForceMTLDriver.bundle/Contents/MacOS/GeForceMTLDriver
0x0000000131ebb000 	/System/Library/Extensions/AppleIntelHD4000GraphicsMTLDriver.bundle/Contents/MacOS/AppleIntelHD4000GraphicsMTLDriver

VM Arguments:
jvm_args: -Dfile.encoding=UTF-8 
java_command: /Users/rashedul/Documents/SBU/Spring 2015/ESE 224/Contract_Bridge/dist/run1274022793/Contract_Bridge.jar
java_class_path (initial): /Users/rashedul/Documents/SBU/Spring 2015/ESE 224/Contract_Bridge/dist/run1274022793/Contract_Bridge.jar
Launcher Type: SUN_STANDARD

Environment Variables:
PATH=/usr/bin:/bin:/usr/sbin:/sbin
LD_LIBRARY_PATH=/Library/Java/JavaVirtualMachines/jdk1.8.0_05.jdk/Contents/Home/jre/lib/amd64:/Library/Java/JavaVirtualMachines/jdk1.8.0_05.jdk/Contents/Home/jre/lib/i386:
SHELL=/bin/bash
DISPLAY=/private/tmp/com.apple.launchd.v79Mo2nS8P/org.macosforge.xquartz:0
DYLD_LIBRARY_PATH=/Applications/NetBeans/NetBeans 8.0.2.app/Contents/Resources/NetBeans/webcommon/bin:

Signal Handlers:
SIGSEGV: [libjvm.dylib+0x55f7df], sa_mask[0]=0xfffefeff, sa_flags=0x00000043
SIGBUS: [libjvm.dylib+0x55f7df], sa_mask[0]=0xfffefeff, sa_flags=0x00000042
SIGFPE: [libjvm.dylib+0x442cfa], sa_mask[0]=0xfffefeff, sa_flags=0x00000042
SIGPIPE: [libjvm.dylib+0x442cfa], sa_mask[0]=0xfffefeff, sa_flags=0x00000042
SIGXFSZ: [libjvm.dylib+0x442cfa], sa_mask[0]=0xfffefeff, sa_flags=0x00000042
SIGILL: [libjvm.dylib+0x442cfa], sa_mask[0]=0xfffefeff, sa_flags=0x00000042
SIGUSR1: SIG_DFL, sa_mask[0]=0x00000000, sa_flags=0x00000000
SIGUSR2: [libjvm.dylib+0x442818], sa_mask[0]=0x00000004, sa_flags=0x00000042
SIGHUP: [libjvm.dylib+0x440ba5], sa_mask[0]=0xfffefeff, sa_flags=0x00000042
SIGINT: SIG_IGN, sa_mask[0]=0x00000000, sa_flags=0x00000000
SIGTERM: [libjvm.dylib+0x440ba5], sa_mask[0]=0xfffefeff, sa_flags=0x00000042
SIGQUIT: [libjvm.dylib+0x440ba5], sa_mask[0]=0xfffefeff, sa_flags=0x00000042


---------------  S Y S T E M  ---------------

OS:Bsduname:Darwin 15.0.0 Darwin Kernel Version 15.0.0: Wed Aug 26 16:57:32 PDT 2015; root:xnu-3247.1.106~1/RELEASE_X86_64 x86_64
rlimit: STACK 8192k, CORE 0k, NPROC 709, NOFILE 10240, AS infinity
load average:1.56 1.63 1.57

CPU:total 8 (4 cores per cpu, 2 threads per core) family 6 model 58 stepping 9, cmov, cx8, fxsr, mmx, sse, sse2, sse3, ssse3, sse4.1, sse4.2, popcnt, avx, aes, clmul, erms, ht, tsc, tscinvbit

Memory: 4k page, physical 8388608k(47820k free)

/proc/meminfo:


vm_info: Java HotSpot(TM) 64-Bit Server VM (25.5-b02) for bsd-amd64 JRE (1.8.0_05-b13), built on Mar 18 2014 00:36:13 by "java_re" with gcc 4.2.1 (Based on Apple Inc. build 5658) (LLVM build 2336.11.00)

time: Thu Jan 14 17:30:11 2016
elapsed time: 56 seconds

